<?xml version="1.0" encoding="UTF-8"?>
<!-- Generated by org.testng.reporters.JUnitXMLReporter -->
<testsuite hostname="ISS460602003507" name="automation" tests="3" failures="0" timestamp="28 Jul 2020 03:21:49 GMT" time="44.454" errors="0">
  <testcase name="testCase01" time="2.004" classname="com.testng0714.HomeWork"/>
  <testcase name="testCase02" time="3.093" classname="com.testng0714.HomeWork"/>
  <testcase name="testCase03" time="5.398" classname="com.testng0714.HomeWork"/>
</testsuite> <!-- automation -->
